::1 - - [19/Feb/2021:13:23:36 +0000] "GET /dsfdsfsfds HTTP/1.1" 404 26 "-" "Mozilla/5.0 (Windows NT 10.0; Win64; x64) AppleWebKit/537.36 (KHTML, like Gecko) Chrome/88.0.4324.182 Safari/537.36"
::1 - - [19/Feb/2021:13:23:55 +0000] "GET /about HTTP/1.1" 304 - "-" "Mozilla/5.0 (Windows NT 10.0; Win64; x64) AppleWebKit/537.36 (KHTML, like Gecko) Chrome/88.0.4324.182 Safari/537.36"
::1 - - [19/Feb/2021:13:26:22 +0000] "GET / HTTP/1.1" 304 - "-" "Mozilla/5.0 (Windows NT 10.0; Win64; x64) AppleWebKit/537.36 (KHTML, like Gecko) Chrome/88.0.4324.182 Safari/537.36"
::1 - - [19/Feb/2021:13:28:04 +0000] "GET / HTTP/1.1" 500 131 "-" "Mozilla/5.0 (Windows NT 10.0; Win64; x64) AppleWebKit/537.36 (KHTML, like Gecko) Chrome/88.0.4324.182 Safari/537.36"
::1 - - [19/Feb/2021:13:28:31 +0000] "GET / HTTP/1.1" 500 131 "-" "Mozilla/5.0 (Windows NT 10.0; Win64; x64) AppleWebKit/537.36 (KHTML, like Gecko) Chrome/88.0.4324.182 Safari/537.36"
::1 - - [19/Feb/2021:13:28:55 +0000] "GET / HTTP/1.1" 500 131 "-" "Mozilla/5.0 (Windows NT 10.0; Win64; x64) AppleWebKit/537.36 (KHTML, like Gecko) Chrome/88.0.4324.182 Safari/537.36"
::1 - - [19/Feb/2021:13:29:20 +0000] "GET / HTTP/1.1" 200 34 "-" "Mozilla/5.0 (Windows NT 10.0; Win64; x64) AppleWebKit/537.36 (KHTML, like Gecko) Chrome/88.0.4324.182 Safari/537.36"
::ffff:127.0.0.1 - - [19/Feb/2021:13:30:06 +0000] "GET / HTTP/1.1" 500 132 "-" "Mozilla/5.0 (Windows NT 10.0; Win64; x64) AppleWebKit/537.36 (KHTML, like Gecko) Chrome/88.0.4324.182 Safari/537.36"
::ffff:127.0.0.1 - - [19/Feb/2021:13:30:41 +0000] "GET / HTTP/1.1" 200 24 "-" "Mozilla/5.0 (Windows NT 10.0; Win64; x64) AppleWebKit/537.36 (KHTML, like Gecko) Chrome/88.0.4324.182 Safari/537.36"
::1 - - [19/Feb/2021:13:31:00 +0000] "GET / HTTP/1.1" 200 60 "-" "Mozilla/5.0 (Windows NT 10.0; Win64; x64) AppleWebKit/537.36 (KHTML, like Gecko) Chrome/88.0.4324.182 Safari/537.36"
::1 - - [19/Feb/2021:13:32:02 +0000] "GET / HTTP/1.1" 500 132 "-" "Mozilla/5.0 (Windows NT 10.0; Win64; x64) AppleWebKit/537.36 (KHTML, like Gecko) Chrome/88.0.4324.182 Safari/537.36"
::1 - - [19/Feb/2021:13:32:24 +0000] "GET / HTTP/1.1" 200 60 "-" "Mozilla/5.0 (Windows NT 10.0; Win64; x64) AppleWebKit/537.36 (KHTML, like Gecko) Chrome/88.0.4324.182 Safari/537.36"
::1 - - [19/Feb/2021:13:36:53 +0000] "GET / HTTP/1.1" 500 324 "-" "Mozilla/5.0 (Windows NT 10.0; Win64; x64) AppleWebKit/537.36 (KHTML, like Gecko) Chrome/88.0.4324.182 Safari/537.36"
::1 - - [19/Feb/2021:13:37:27 +0000] "GET / HTTP/1.1" 200 773 "-" "Mozilla/5.0 (Windows NT 10.0; Win64; x64) AppleWebKit/537.36 (KHTML, like Gecko) Chrome/88.0.4324.182 Safari/537.36"
::1 - - [19/Feb/2021:13:37:27 +0000] "GET /js/jquery.cookie.js HTTP/1.1" 304 - "http://localhost:3000/" "Mozilla/5.0 (Windows NT 10.0; Win64; x64) AppleWebKit/537.36 (KHTML, like Gecko) Chrome/88.0.4324.182 Safari/537.36"
::1 - - [19/Feb/2021:13:37:27 +0000] "GET /css/styles.css HTTP/1.1" 304 - "http://localhost:3000/" "Mozilla/5.0 (Windows NT 10.0; Win64; x64) AppleWebKit/537.36 (KHTML, like Gecko) Chrome/88.0.4324.182 Safari/537.36"
::1 - - [19/Feb/2021:13:37:40 +0000] "GET / HTTP/1.1" 304 - "http://localhost:3000/" "Mozilla/5.0 (Windows NT 10.0; Win64; x64) AppleWebKit/537.36 (KHTML, like Gecko) Chrome/88.0.4324.182 Safari/537.36"
::1 - - [19/Feb/2021:13:37:40 +0000] "GET /js/jquery.cookie.js HTTP/1.1" 304 - "http://localhost:3000/" "Mozilla/5.0 (Windows NT 10.0; Win64; x64) AppleWebKit/537.36 (KHTML, like Gecko) Chrome/88.0.4324.182 Safari/537.36"
::1 - - [19/Feb/2021:13:37:40 +0000] "GET /css/styles.css HTTP/1.1" 304 - "http://localhost:3000/" "Mozilla/5.0 (Windows NT 10.0; Win64; x64) AppleWebKit/537.36 (KHTML, like Gecko) Chrome/88.0.4324.182 Safari/537.36"
::1 - - [19/Feb/2021:13:37:41 +0000] "GET /about HTTP/1.1" 304 - "http://localhost:3000/" "Mozilla/5.0 (Windows NT 10.0; Win64; x64) AppleWebKit/537.36 (KHTML, like Gecko) Chrome/88.0.4324.182 Safari/537.36"
::1 - - [19/Feb/2021:13:38:07 +0000] "GET / HTTP/1.1" 200 1174 "http://localhost:3000/" "Mozilla/5.0 (Windows NT 10.0; Win64; x64) AppleWebKit/537.36 (KHTML, like Gecko) Chrome/88.0.4324.182 Safari/537.36"
::1 - - [19/Feb/2021:13:38:08 +0000] "GET /js/jquery.cookie.js HTTP/1.1" 304 - "http://localhost:3000/" "Mozilla/5.0 (Windows NT 10.0; Win64; x64) AppleWebKit/537.36 (KHTML, like Gecko) Chrome/88.0.4324.182 Safari/537.36"
::1 - - [19/Feb/2021:13:38:08 +0000] "GET /css/styles.css HTTP/1.1" 304 - "http://localhost:3000/" "Mozilla/5.0 (Windows NT 10.0; Win64; x64) AppleWebKit/537.36 (KHTML, like Gecko) Chrome/88.0.4324.182 Safari/537.36"
::1 - - [19/Feb/2021:13:38:59 +0000] "GET / HTTP/1.1" 500 131 "http://localhost:3000/" "Mozilla/5.0 (Windows NT 10.0; Win64; x64) AppleWebKit/537.36 (KHTML, like Gecko) Chrome/88.0.4324.182 Safari/537.36"
::1 - - [19/Feb/2021:13:39:20 +0000] "GET / HTTP/1.1" 200 1174 "http://localhost:3000/" "Mozilla/5.0 (Windows NT 10.0; Win64; x64) AppleWebKit/537.36 (KHTML, like Gecko) Chrome/88.0.4324.182 Safari/537.36"
::1 - - [19/Feb/2021:13:39:20 +0000] "GET /js/jquery.cookie.js HTTP/1.1" 304 - "http://localhost:3000/" "Mozilla/5.0 (Windows NT 10.0; Win64; x64) AppleWebKit/537.36 (KHTML, like Gecko) Chrome/88.0.4324.182 Safari/537.36"
::1 - - [19/Feb/2021:13:39:20 +0000] "GET /css/styles.css HTTP/1.1" 304 - "http://localhost:3000/" "Mozilla/5.0 (Windows NT 10.0; Win64; x64) AppleWebKit/537.36 (KHTML, like Gecko) Chrome/88.0.4324.182 Safari/537.36"
::1 - - [19/Feb/2021:13:40:29 +0000] "GET / HTTP/1.1" 304 - "http://localhost:3000/" "Mozilla/5.0 (Windows NT 10.0; Win64; x64) AppleWebKit/537.36 (KHTML, like Gecko) Chrome/88.0.4324.182 Safari/537.36"
::1 - - [19/Feb/2021:13:40:29 +0000] "GET /js/jquery.cookie.js HTTP/1.1" 304 - "http://localhost:3000/" "Mozilla/5.0 (Windows NT 10.0; Win64; x64) AppleWebKit/537.36 (KHTML, like Gecko) Chrome/88.0.4324.182 Safari/537.36"
::1 - - [19/Feb/2021:13:40:29 +0000] "GET /css/styles.css HTTP/1.1" 304 - "http://localhost:3000/" "Mozilla/5.0 (Windows NT 10.0; Win64; x64) AppleWebKit/537.36 (KHTML, like Gecko) Chrome/88.0.4324.182 Safari/537.36"
::1 - - [19/Feb/2021:13:40:31 +0000] "GET / HTTP/1.1" 304 - "http://localhost:3000/" "Mozilla/5.0 (Windows NT 10.0; Win64; x64) AppleWebKit/537.36 (KHTML, like Gecko) Chrome/88.0.4324.182 Safari/537.36"
::1 - - [19/Feb/2021:13:40:31 +0000] "GET /js/jquery.cookie.js HTTP/1.1" 304 - "http://localhost:3000/" "Mozilla/5.0 (Windows NT 10.0; Win64; x64) AppleWebKit/537.36 (KHTML, like Gecko) Chrome/88.0.4324.182 Safari/537.36"
::1 - - [19/Feb/2021:13:40:31 +0000] "GET /css/styles.css HTTP/1.1" 304 - "http://localhost:3000/" "Mozilla/5.0 (Windows NT 10.0; Win64; x64) AppleWebKit/537.36 (KHTML, like Gecko) Chrome/88.0.4324.182 Safari/537.36"
::1 - - [19/Feb/2021:13:41:31 +0000] "GET / HTTP/1.1" 304 - "http://localhost:3000/" "Mozilla/5.0 (Windows NT 10.0; Win64; x64) AppleWebKit/537.36 (KHTML, like Gecko) Chrome/88.0.4324.182 Safari/537.36"
::1 - - [19/Feb/2021:13:41:31 +0000] "GET /js/jquery.cookie.js HTTP/1.1" 304 - "http://localhost:3000/" "Mozilla/5.0 (Windows NT 10.0; Win64; x64) AppleWebKit/537.36 (KHTML, like Gecko) Chrome/88.0.4324.182 Safari/537.36"
::ffff:127.0.0.1 - - [19/Feb/2021:13:41:31 +0000] "GET /css/styles.css HTTP/1.1" 304 - "http://localhost:3000/" "Mozilla/5.0 (Windows NT 10.0; Win64; x64) AppleWebKit/537.36 (KHTML, like Gecko) Chrome/88.0.4324.182 Safari/537.36"
::ffff:127.0.0.1 - - [19/Feb/2021:13:41:35 +0000] "GET / HTTP/1.1" 304 - "http://localhost:3000/" "Mozilla/5.0 (Windows NT 10.0; Win64; x64) AppleWebKit/537.36 (KHTML, like Gecko) Chrome/88.0.4324.182 Safari/537.36"
::ffff:127.0.0.1 - - [19/Feb/2021:13:41:35 +0000] "GET /js/jquery.cookie.js HTTP/1.1" 304 - "http://localhost:3000/" "Mozilla/5.0 (Windows NT 10.0; Win64; x64) AppleWebKit/537.36 (KHTML, like Gecko) Chrome/88.0.4324.182 Safari/537.36"
::1 - - [19/Feb/2021:13:41:35 +0000] "GET /css/styles.css HTTP/1.1" 304 - "http://localhost:3000/" "Mozilla/5.0 (Windows NT 10.0; Win64; x64) AppleWebKit/537.36 (KHTML, like Gecko) Chrome/88.0.4324.182 Safari/537.36"
::1 - - [19/Feb/2021:13:41:36 +0000] "GET / HTTP/1.1" 304 - "http://localhost:3000/" "Mozilla/5.0 (Windows NT 10.0; Win64; x64) AppleWebKit/537.36 (KHTML, like Gecko) Chrome/88.0.4324.182 Safari/537.36"
::1 - - [19/Feb/2021:13:41:36 +0000] "GET /js/jquery.cookie.js HTTP/1.1" 304 - "http://localhost:3000/" "Mozilla/5.0 (Windows NT 10.0; Win64; x64) AppleWebKit/537.36 (KHTML, like Gecko) Chrome/88.0.4324.182 Safari/537.36"
::ffff:127.0.0.1 - - [19/Feb/2021:13:41:36 +0000] "GET /css/styles.css HTTP/1.1" 304 - "http://localhost:3000/" "Mozilla/5.0 (Windows NT 10.0; Win64; x64) AppleWebKit/537.36 (KHTML, like Gecko) Chrome/88.0.4324.182 Safari/537.36"
::ffff:127.0.0.1 - - [19/Feb/2021:13:41:38 +0000] "GET /about HTTP/1.1" 500 139 "http://localhost:3000/" "Mozilla/5.0 (Windows NT 10.0; Win64; x64) AppleWebKit/537.36 (KHTML, like Gecko) Chrome/88.0.4324.182 Safari/537.36"
::1 - - [19/Feb/2021:13:41:56 +0000] "GET /about HTTP/1.1" 200 883 "http://localhost:3000/" "Mozilla/5.0 (Windows NT 10.0; Win64; x64) AppleWebKit/537.36 (KHTML, like Gecko) Chrome/88.0.4324.182 Safari/537.36"
::1 - - [19/Feb/2021:13:41:56 +0000] "GET /js/jquery.cookie.js HTTP/1.1" 304 - "http://localhost:3000/about" "Mozilla/5.0 (Windows NT 10.0; Win64; x64) AppleWebKit/537.36 (KHTML, like Gecko) Chrome/88.0.4324.182 Safari/537.36"
::1 - - [19/Feb/2021:13:41:56 +0000] "GET /css/styles.css HTTP/1.1" 304 - "http://localhost:3000/about" "Mozilla/5.0 (Windows NT 10.0; Win64; x64) AppleWebKit/537.36 (KHTML, like Gecko) Chrome/88.0.4324.182 Safari/537.36"
::1 - - [19/Feb/2021:13:42:00 +0000] "GET /contact HTTP/1.1" 500 141 "http://localhost:3000/about" "Mozilla/5.0 (Windows NT 10.0; Win64; x64) AppleWebKit/537.36 (KHTML, like Gecko) Chrome/88.0.4324.182 Safari/537.36"
::1 - - [19/Feb/2021:13:42:19 +0000] "GET /contact HTTP/1.1" 200 877 "http://localhost:3000/about" "Mozilla/5.0 (Windows NT 10.0; Win64; x64) AppleWebKit/537.36 (KHTML, like Gecko) Chrome/88.0.4324.182 Safari/537.36"
::1 - - [19/Feb/2021:13:42:19 +0000] "GET /js/jquery.cookie.js HTTP/1.1" 304 - "http://localhost:3000/contact" "Mozilla/5.0 (Windows NT 10.0; Win64; x64) AppleWebKit/537.36 (KHTML, like Gecko) Chrome/88.0.4324.182 Safari/537.36"
::1 - - [19/Feb/2021:13:42:19 +0000] "GET /css/styles.css HTTP/1.1" 304 - "http://localhost:3000/contact" "Mozilla/5.0 (Windows NT 10.0; Win64; x64) AppleWebKit/537.36 (KHTML, like Gecko) Chrome/88.0.4324.182 Safari/537.36"
::1 - - [19/Feb/2021:13:55:27 +0000] "GET /contact HTTP/1.1" 304 - "http://localhost:3000/about" "Mozilla/5.0 (Windows NT 10.0; Win64; x64) AppleWebKit/537.36 (KHTML, like Gecko) Chrome/88.0.4324.182 Safari/537.36"
::1 - - [19/Feb/2021:13:55:27 +0000] "GET /css/styles.css HTTP/1.1" 304 - "http://localhost:3000/contact" "Mozilla/5.0 (Windows NT 10.0; Win64; x64) AppleWebKit/537.36 (KHTML, like Gecko) Chrome/88.0.4324.182 Safari/537.36"
::1 - - [19/Feb/2021:13:55:27 +0000] "GET /js/jquery.cookie.js HTTP/1.1" 304 - "http://localhost:3000/contact" "Mozilla/5.0 (Windows NT 10.0; Win64; x64) AppleWebKit/537.36 (KHTML, like Gecko) Chrome/88.0.4324.182 Safari/537.36"
::1 - - [19/Feb/2021:14:06:57 +0000] "GET / HTTP/1.1" 304 - "http://localhost:3000/contact" "Mozilla/5.0 (Windows NT 10.0; Win64; x64) AppleWebKit/537.36 (KHTML, like Gecko) Chrome/88.0.4324.182 Safari/537.36"
::1 - - [19/Feb/2021:14:06:57 +0000] "GET /js/jquery.cookie.js HTTP/1.1" 304 - "http://localhost:3000/" "Mozilla/5.0 (Windows NT 10.0; Win64; x64) AppleWebKit/537.36 (KHTML, like Gecko) Chrome/88.0.4324.182 Safari/537.36"
::1 - - [19/Feb/2021:14:06:57 +0000] "GET /css/styles.css HTTP/1.1" 304 - "http://localhost:3000/" "Mozilla/5.0 (Windows NT 10.0; Win64; x64) AppleWebKit/537.36 (KHTML, like Gecko) Chrome/88.0.4324.182 Safari/537.36"
::1 - - [19/Feb/2021:14:07:51 +0000] "GET / HTTP/1.1" 304 - "http://localhost:3000/contact" "Mozilla/5.0 (Windows NT 10.0; Win64; x64) AppleWebKit/537.36 (KHTML, like Gecko) Chrome/88.0.4324.182 Safari/537.36"
::1 - - [19/Feb/2021:14:07:51 +0000] "GET /js/jquery.cookie.js HTTP/1.1" 304 - "http://localhost:3000/" "Mozilla/5.0 (Windows NT 10.0; Win64; x64) AppleWebKit/537.36 (KHTML, like Gecko) Chrome/88.0.4324.182 Safari/537.36"
::1 - - [19/Feb/2021:14:07:51 +0000] "GET /css/styles.css HTTP/1.1" 304 - "http://localhost:3000/" "Mozilla/5.0 (Windows NT 10.0; Win64; x64) AppleWebKit/537.36 (KHTML, like Gecko) Chrome/88.0.4324.182 Safari/537.36"
::1 - - [19/Feb/2021:14:07:53 +0000] "GET /about HTTP/1.1" 304 - "http://localhost:3000/" "Mozilla/5.0 (Windows NT 10.0; Win64; x64) AppleWebKit/537.36 (KHTML, like Gecko) Chrome/88.0.4324.182 Safari/537.36"
::1 - - [19/Feb/2021:14:07:53 +0000] "GET /js/jquery.cookie.js HTTP/1.1" 304 - "http://localhost:3000/about" "Mozilla/5.0 (Windows NT 10.0; Win64; x64) AppleWebKit/537.36 (KHTML, like Gecko) Chrome/88.0.4324.182 Safari/537.36"
::1 - - [19/Feb/2021:14:07:53 +0000] "GET /css/styles.css HTTP/1.1" 304 - "http://localhost:3000/about" "Mozilla/5.0 (Windows NT 10.0; Win64; x64) AppleWebKit/537.36 (KHTML, like Gecko) Chrome/88.0.4324.182 Safari/537.36"
::1 - - [19/Feb/2021:14:07:53 +0000] "GET /contact HTTP/1.1" 304 - "http://localhost:3000/about" "Mozilla/5.0 (Windows NT 10.0; Win64; x64) AppleWebKit/537.36 (KHTML, like Gecko) Chrome/88.0.4324.182 Safari/537.36"
::1 - - [19/Feb/2021:14:07:53 +0000] "GET /js/jquery.cookie.js HTTP/1.1" 304 - "http://localhost:3000/contact" "Mozilla/5.0 (Windows NT 10.0; Win64; x64) AppleWebKit/537.36 (KHTML, like Gecko) Chrome/88.0.4324.182 Safari/537.36"
::1 - - [19/Feb/2021:14:07:53 +0000] "GET /css/styles.css HTTP/1.1" 304 - "http://localhost:3000/contact" "Mozilla/5.0 (Windows NT 10.0; Win64; x64) AppleWebKit/537.36 (KHTML, like Gecko) Chrome/88.0.4324.182 Safari/537.36"
::1 - - [19/Feb/2021:14:08:19 +0000] "GET /css/styles.css HTTP/1.1" 304 - "http://localhost:3000/contact" "Mozilla/5.0 (Windows NT 10.0; Win64; x64) AppleWebKit/537.36 (KHTML, like Gecko) Chrome/88.0.4324.182 Safari/537.36"
::1 - - [19/Feb/2021:14:36:29 +0000] "GET /users/ HTTP/1.1" 200 7 "-" "Mozilla/5.0 (Windows NT 10.0; Win64; x64) AppleWebKit/537.36 (KHTML, like Gecko) Chrome/88.0.4324.182 Safari/537.36"
::1 - - [19/Feb/2021:14:36:56 +0000] "GET /users/ HTTP/1.1" 500 43 "-" "Mozilla/5.0 (Windows NT 10.0; Win64; x64) AppleWebKit/537.36 (KHTML, like Gecko) Chrome/88.0.4324.182 Safari/537.36"
::1 - - [19/Feb/2021:14:37:22 +0000] "GET /users/ HTTP/1.1" 500 43 "-" "Mozilla/5.0 (Windows NT 10.0; Win64; x64) AppleWebKit/537.36 (KHTML, like Gecko) Chrome/88.0.4324.182 Safari/537.36"
::1 - - [19/Feb/2021:14:38:16 +0000] "GET /users/ HTTP/1.1" 500 81 "-" "Mozilla/5.0 (Windows NT 10.0; Win64; x64) AppleWebKit/537.36 (KHTML, like Gecko) Chrome/88.0.4324.182 Safari/537.36"
::1 - - [19/Feb/2021:14:39:36 +0000] "GET /users/ HTTP/1.1" 500 81 "-" "Mozilla/5.0 (Windows NT 10.0; Win64; x64) AppleWebKit/537.36 (KHTML, like Gecko) Chrome/88.0.4324.182 Safari/537.36"
::1 - - [19/Feb/2021:14:39:40 +0000] "GET /users/reg HTTP/1.1" 200 7 "-" "Mozilla/5.0 (Windows NT 10.0; Win64; x64) AppleWebKit/537.36 (KHTML, like Gecko) Chrome/88.0.4324.182 Safari/537.36"
::1 - - [19/Feb/2021:14:40:00 +0000] "GET /users/reg HTTP/1.1" 304 - "-" "Mozilla/5.0 (Windows NT 10.0; Win64; x64) AppleWebKit/537.36 (KHTML, like Gecko) Chrome/88.0.4324.182 Safari/537.36"
::1 - - [19/Feb/2021:14:41:49 +0000] "POST /users/reg HTTP/1.1" 200 2 "-" "PostmanRuntime/7.26.8"
::1 - - [19/Feb/2021:14:43:08 +0000] "POST /users/reg HTTP/1.1" 200 108 "-" "PostmanRuntime/7.26.8"
::1 - - [19/Feb/2021:14:44:00 +0000] "POST /users/reg HTTP/1.1" 200 136 "-" "PostmanRuntime/7.26.8"
::1 - - [19/Feb/2021:14:45:00 +0000] "POST /users/reg HTTP/1.1" 200 136 "-" "PostmanRuntime/7.26.8"
::1 - - [19/Feb/2021:14:46:24 +0000] "POST /users/reg HTTP/1.1" 200 282 "-" "PostmanRuntime/7.26.8"
::1 - - [19/Feb/2021:14:50:43 +0000] "POST /users/reg HTTP/1.1" 200 281 "-" "PostmanRuntime/7.26.8"
::1 - - [19/Feb/2021:14:52:33 +0000] "GET /users/ HTTP/1.1" 500 81 "-" "PostmanRuntime/7.26.8"
::ffff:127.0.0.1 - - [19/Feb/2021:14:52:45 +0000] "GET /users/ HTTP/1.1" 200 539 "-" "PostmanRuntime/7.26.8"
::1 - - [19/Feb/2021:14:59:29 +0000] "GET / HTTP/1.1" 304 - "-" "Mozilla/5.0 (Windows NT 10.0; Win64; x64) AppleWebKit/537.36 (KHTML, like Gecko) Chrome/88.0.4324.182 Safari/537.36"
::1 - - [19/Feb/2021:14:59:29 +0000] "GET /js/jquery.cookie.js HTTP/1.1" 304 - "http://localhost:3000/" "Mozilla/5.0 (Windows NT 10.0; Win64; x64) AppleWebKit/537.36 (KHTML, like Gecko) Chrome/88.0.4324.182 Safari/537.36"
::1 - - [19/Feb/2021:14:59:29 +0000] "GET /css/styles.css HTTP/1.1" 304 - "http://localhost:3000/" "Mozilla/5.0 (Windows NT 10.0; Win64; x64) AppleWebKit/537.36 (KHTML, like Gecko) Chrome/88.0.4324.182 Safari/537.36"
::1 - - [20/Feb/2021:16:44:04 +0000] "GET / HTTP/1.1" 304 - "-" "Mozilla/5.0 (Windows NT 10.0; Win64; x64) AppleWebKit/537.36 (KHTML, like Gecko) Chrome/88.0.4324.182 Safari/537.36"
::1 - - [20/Feb/2021:16:44:04 +0000] "GET /js/jquery.cookie.js HTTP/1.1" 304 - "http://localhost:3000/" "Mozilla/5.0 (Windows NT 10.0; Win64; x64) AppleWebKit/537.36 (KHTML, like Gecko) Chrome/88.0.4324.182 Safari/537.36"
::1 - - [20/Feb/2021:16:44:04 +0000] "GET /css/styles.css HTTP/1.1" 304 - "http://localhost:3000/" "Mozilla/5.0 (Windows NT 10.0; Win64; x64) AppleWebKit/537.36 (KHTML, like Gecko) Chrome/88.0.4324.182 Safari/537.36"
::1 - - [20/Feb/2021:16:44:04 +0000] "GET /favicon.ico HTTP/1.1" 404 26 "http://localhost:3000/" "Mozilla/5.0 (Windows NT 10.0; Win64; x64) AppleWebKit/537.36 (KHTML, like Gecko) Chrome/88.0.4324.182 Safari/537.36"
::1 - - [20/Feb/2021:16:44:25 +0000] "GET / HTTP/1.1" 304 - "-" "Mozilla/5.0 (Windows NT 10.0; Win64; x64) AppleWebKit/537.36 (KHTML, like Gecko) Chrome/88.0.4324.182 Safari/537.36"
::1 - - [20/Feb/2021:16:44:25 +0000] "GET /css/styles.css HTTP/1.1" 304 - "http://localhost:3000/" "Mozilla/5.0 (Windows NT 10.0; Win64; x64) AppleWebKit/537.36 (KHTML, like Gecko) Chrome/88.0.4324.182 Safari/537.36"
::1 - - [20/Feb/2021:16:44:25 +0000] "GET /js/jquery.cookie.js HTTP/1.1" 304 - "http://localhost:3000/" "Mozilla/5.0 (Windows NT 10.0; Win64; x64) AppleWebKit/537.36 (KHTML, like Gecko) Chrome/88.0.4324.182 Safari/537.36"
::1 - - [20/Feb/2021:16:44:26 +0000] "GET / HTTP/1.1" 304 - "-" "Mozilla/5.0 (Windows NT 10.0; Win64; x64) AppleWebKit/537.36 (KHTML, like Gecko) Chrome/88.0.4324.182 Safari/537.36"
::1 - - [20/Feb/2021:16:44:26 +0000] "GET /js/jquery.cookie.js HTTP/1.1" 304 - "http://localhost:3000/" "Mozilla/5.0 (Windows NT 10.0; Win64; x64) AppleWebKit/537.36 (KHTML, like Gecko) Chrome/88.0.4324.182 Safari/537.36"
::1 - - [20/Feb/2021:16:44:26 +0000] "GET /css/styles.css HTTP/1.1" 304 - "http://localhost:3000/" "Mozilla/5.0 (Windows NT 10.0; Win64; x64) AppleWebKit/537.36 (KHTML, like Gecko) Chrome/88.0.4324.182 Safari/537.36"
::1 - - [20/Feb/2021:16:44:26 +0000] "GET / HTTP/1.1" 304 - "-" "Mozilla/5.0 (Windows NT 10.0; Win64; x64) AppleWebKit/537.36 (KHTML, like Gecko) Chrome/88.0.4324.182 Safari/537.36"
::1 - - [20/Feb/2021:16:44:26 +0000] "GET /js/jquery.cookie.js HTTP/1.1" 304 - "http://localhost:3000/" "Mozilla/5.0 (Windows NT 10.0; Win64; x64) AppleWebKit/537.36 (KHTML, like Gecko) Chrome/88.0.4324.182 Safari/537.36"
::1 - - [20/Feb/2021:16:44:26 +0000] "GET /css/styles.css HTTP/1.1" 304 - "http://localhost:3000/" "Mozilla/5.0 (Windows NT 10.0; Win64; x64) AppleWebKit/537.36 (KHTML, like Gecko) Chrome/88.0.4324.182 Safari/537.36"
::1 - - [22/Feb/2021:13:03:17 +0000] "GET /users/ HTTP/1.1" 200 539 "-" "PostmanRuntime/7.26.8"
::1 - - [22/Feb/2021:13:29:22 +0000] "GET /login HTTP/1.1" 200 17 "-" "PostmanRuntime/7.26.8"
::ffff:127.0.0.1 - - [22/Feb/2021:13:29:36 +0000] "GET /login HTTP/1.1" 404 26 "-" "PostmanRuntime/7.26.8"
::1 - - [22/Feb/2021:13:29:44 +0000] "POST /login HTTP/1.1" 200 17 "-" "PostmanRuntime/7.26.8"
::1 - - [22/Feb/2021:13:33:53 +0000] "POST /login HTTP/1.1" 200 17 "-" "PostmanRuntime/7.26.8"
::ffff:127.0.0.1 - - [22/Feb/2021:13:34:23 +0000] "POST /login HTTP/1.1" 200 17 "-" "PostmanRuntime/7.26.8"
::1 - - [22/Feb/2021:13:34:36 +0000] "POST /login HTTP/1.1" 403 50 "-" "PostmanRuntime/7.26.8"
::1 - - [22/Feb/2021:13:35:54 +0000] "POST /login HTTP/1.1" 403 50 "-" "PostmanRuntime/7.26.8"
::1 - - [22/Feb/2021:13:36:03 +0000] "POST /login HTTP/1.1" 200 17 "-" "PostmanRuntime/7.26.8"
::1 - - [22/Feb/2021:13:36:42 +0000] "POST /login HTTP/1.1" 200 17 "-" "PostmanRuntime/7.26.8"
::1 - - [22/Feb/2021:13:37:59 +0000] "POST /login HTTP/1.1" 200 17 "-" "PostmanRuntime/7.26.8"
::1 - - [22/Feb/2021:13:38:32 +0000] "POST /login HTTP/1.1" 200 17 "-" "PostmanRuntime/7.26.8"
::1 - - [22/Feb/2021:13:39:00 +0000] "POST /login HTTP/1.1" 200 17 "-" "PostmanRuntime/7.26.8"
::1 - - [22/Feb/2021:13:41:07 +0000] "POST /login HTTP/1.1" 403 50 "-" "PostmanRuntime/7.26.8"
::1 - - [22/Feb/2021:13:41:14 +0000] "POST /login HTTP/1.1" 200 321 "-" "PostmanRuntime/7.26.8"
::1 - - [22/Feb/2021:13:42:03 +0000] "POST /login HTTP/1.1" 200 321 "-" "PostmanRuntime/7.26.8"
::ffff:127.0.0.1 - - [22/Feb/2021:13:46:08 +0000] "POST /login HTTP/1.1" 200 309 "-" "PostmanRuntime/7.26.8"
::ffff:127.0.0.1 - - [22/Feb/2021:13:46:52 +0000] "POST /login HTTP/1.1" 200 325 "-" "PostmanRuntime/7.26.8"
::1 - - [22/Feb/2021:13:48:39 +0000] "POST /login HTTP/1.1" 200 189 "-" "PostmanRuntime/7.26.8"
::1 - - [22/Feb/2021:13:48:50 +0000] "POST /login HTTP/1.1" 200 170 "-" "PostmanRuntime/7.26.8"
::1 - - [22/Feb/2021:13:51:54 +0000] "POST /login HTTP/1.1" 403 50 "-" "PostmanRuntime/7.26.8"
::1 - - [22/Feb/2021:13:52:00 +0000] "POST /logout HTTP/1.1" 200 18 "-" "PostmanRuntime/7.26.8"
::1 - - [22/Feb/2021:13:53:30 +0000] "POST /logout HTTP/1.1" 200 - "-" "PostmanRuntime/7.26.8"
::1 - - [22/Feb/2021:13:54:19 +0000] "POST /logout HTTP/1.1" 403 61 "-" "PostmanRuntime/7.26.8"
::1 - - [22/Feb/2021:13:55:00 +0000] "POST /logout HTTP/1.1" 200 10 "-" "PostmanRuntime/7.26.8"
::ffff:127.0.0.1 - - [22/Feb/2021:14:00:24 +0000] "POST /logout HTTP/1.1" 200 24 "-" "PostmanRuntime/7.26.8"
::1 - - [22/Feb/2021:14:07:14 +0000] "POST /logout HTTP/1.1" 200 24 "-" "PostmanRuntime/7.26.8"
::1 - - [22/Feb/2021:14:07:54 +0000] "POST /logout HTTP/1.1" 200 24 "-" "PostmanRuntime/7.26.8"
::ffff:127.0.0.1 - - [22/Feb/2021:14:09:29 +0000] "POST /logout HTTP/1.1" 200 24 "-" "PostmanRuntime/7.26.8"
::1 - - [22/Feb/2021:14:09:41 +0000] "POST /logout HTTP/1.1" 200 24 "-" "PostmanRuntime/7.26.8"
::1 - - [22/Feb/2021:14:09:45 +0000] "POST /logout HTTP/1.1" 403 61 "-" "PostmanRuntime/7.26.8"
::1 - - [22/Feb/2021:14:10:18 +0000] "POST /logout HTTP/1.1" 403 61 "-" "PostmanRuntime/7.26.8"
::1 - - [22/Feb/2021:14:10:22 +0000] "POST /logout HTTP/1.1" 403 61 "-" "PostmanRuntime/7.26.8"
::1 - - [22/Feb/2021:14:10:32 +0000] "POST /logout HTTP/1.1" 403 62 "-" "PostmanRuntime/7.26.8"
::1 - - [22/Feb/2021:14:10:40 +0000] "POST /logout HTTP/1.1" 403 61 "-" "PostmanRuntime/7.26.8"
::1 - - [22/Feb/2021:14:11:16 +0000] "POST /logout HTTP/1.1" 200 24 "-" "PostmanRuntime/7.26.8"
::1 - - [22/Feb/2021:14:12:31 +0000] "POST /logout HTTP/1.1" 403 93 "-" "PostmanRuntime/7.26.8"
::1 - - [22/Feb/2021:14:12:51 +0000] "POST /logout HTTP/1.1" 200 49 "-" "PostmanRuntime/7.26.8"
::1 - - [22/Feb/2021:14:13:44 +0000] "POST /logout HTTP/1.1" 200 49 "-" "PostmanRuntime/7.26.8"
